<?xml version="1.0" encoding="UTF-8"?>
<!-- Generated by org.testng.reporters.JUnitReportReporter -->
<testsuite hostname="DFWQB9R2" name="com.scripts.EDD.TC14252_VerifyCustomerCanBeSetToGroupwideBarred_Behaviour" tests="1" failures="0" timestamp="9 Apr 2019 06:27:44 GMT" time="88.613" errors="0">
  <testcase name="tc14252_SetGroupwideBarredBehaviourToCustomerProfile" time="88.613" classname="com.scripts.EDD.TC14252_VerifyCustomerCanBeSetToGroupwideBarred_Behaviour"/>
</testsuite> <!-- com.scripts.EDD.TC14252_VerifyCustomerCanBeSetToGroupwideBarred_Behaviour -->
