<?xml version="1.0" encoding="UTF-8"?>
<!-- Generated by org.testng.reporters.JUnitReportReporter -->
<testsuite hostname="DFWQB9R2" name="com.scripts.desktopReception.customerProfile_ViewCreditDetail" tests="1" failures="0" timestamp="9 Apr 2019 06:55:45 GMT" time="46.844" errors="0">
  <testcase name="viewCreditDetails" time="46.844" classname="com.scripts.desktopReception.customerProfile_ViewCreditDetail"/>
</testsuite> <!-- com.scripts.desktopReception.customerProfile_ViewCreditDetail -->
