<?xml version="1.0" encoding="UTF-8"?>
<!-- Generated by org.testng.reporters.JUnitReportReporter -->
<testsuite hostname="DFWQB9R2" name="com.scripts.desktopReception.customerProfile_Delete" tests="1" failures="0" timestamp="9 Apr 2019 06:55:45 GMT" time="60.282" errors="0">
  <testcase name="DeleteCustomerProfile" time="60.282" classname="com.scripts.desktopReception.customerProfile_Delete"/>
</testsuite> <!-- com.scripts.desktopReception.customerProfile_Delete -->
