<?xml version="1.0" encoding="UTF-8"?>
<!-- Generated by org.testng.reporters.JUnitReportReporter -->
<testsuite hostname="DFWQB9R2" name="com.scripts.desktopReception.CreditTransactions001" tests="1" failures="0" timestamp="9 Apr 2019 06:55:45 GMT" time="132.168" errors="0">
  <testcase name="addDebitCardAsElectronic" time="132.168" classname="com.scripts.desktopReception.CreditTransactions001"/>
</testsuite> <!-- com.scripts.desktopReception.CreditTransactions001 -->
