<?xml version="1.0" encoding="UTF-8"?>
<!-- Generated by org.testng.reporters.JUnitReportReporter -->
<testsuite hostname="DFWQB9R2" name="com.scripts.noen.CashierAndManagerTC.CreditAccountTestCases" tests="1" failures="0" timestamp="9 Apr 2019 06:55:45 GMT" time="123.636" errors="0">
  <testcase name="addCreditBankDeatils_CreditAccountTC" time="123.636" classname="com.scripts.noen.CashierAndManagerTC.CreditAccountTestCases"/>
</testsuite> <!-- com.scripts.noen.CashierAndManagerTC.CreditAccountTestCases -->
