<?xml version="1.0" encoding="UTF-8"?>
<!-- Generated by org.testng.reporters.JUnitReportReporter -->
<testsuite hostname="L-INE-F7NSYZ2" failures="0" tests="1" name="com.scripts.EDD.TC14244_incidentCreatedAsProblemGamblingReinstatementRequest" time="136.501" errors="0" timestamp="12 Jun 2025 05:51:26 GMT" skipped="0">
  <testcase classname="com.scripts.EDD.TC14244_incidentCreatedAsProblemGamblingReinstatementRequest" name="tc14253_createIncidentAsProblemGamblingConversation" time="136.501"/>
</testsuite> <!-- com.scripts.EDD.TC14244_incidentCreatedAsProblemGamblingReinstatementRequest -->
