<?xml version="1.0" encoding="UTF-8"?>
<!-- Generated by org.testng.reporters.JUnitReportReporter -->
<testsuite skipped="0" hostname="L-INE-FPQCQG3" name="com.scripts.desktopReception.CreditTransactions001" tests="1" failures="0" timestamp="29 Nov 2023 06:13:06 GMT" time="79.280" errors="0">
  <testcase name="addDebitCardAsElectronic" time="79.280" classname="com.scripts.desktopReception.CreditTransactions001"/>
</testsuite> <!-- com.scripts.desktopReception.CreditTransactions001 -->
