<?xml version="1.0" encoding="UTF-8"?>
<!-- Generated by org.testng.reporters.JUnitReportReporter -->
<testsuite hostname="L-INE-F7NSYZ2" failures="0" tests="1" name="com.scripts.EDD.TC14245_EnsureUserCanAddAnAttachementToEDDRecord" time="115.430" errors="0" timestamp="20 Jun 2025 09:01:10 GMT" skipped="0">
  <testcase classname="com.scripts.EDD.TC14245_EnsureUserCanAddAnAttachementToEDDRecord" name="tc14231_AddNextStepToEDDRecord" time="115.430"/>
</testsuite> <!-- com.scripts.EDD.TC14245_EnsureUserCanAddAnAttachementToEDDRecord -->
