<?xml version="1.0" encoding="UTF-8"?>
<!-- Generated by org.testng.reporters.JUnitReportReporter -->
<testsuite hostname="L-INE-F7NSYZ2" failures="0" tests="1" name="com.scripts.desktopReception.customerProfile_AddViewDueDiligence" time="180.037" errors="0" timestamp="20 Jun 2025 08:58:10 GMT" skipped="0">
  <testcase classname="com.scripts.desktopReception.customerProfile_AddViewDueDiligence" name="AddViewDueDiligenceDetailsToCustomerProfile" time="180.037"/>
</testsuite> <!-- com.scripts.desktopReception.customerProfile_AddViewDueDiligence -->
