<?xml version="1.0" encoding="UTF-8"?>
<!-- Generated by org.testng.reporters.JUnitReportReporter -->
<testsuite hostname="L-INE-F7NSYZ2" failures="0" tests="1" name="com.scripts.desktopReception.customerProfile_ViewAuditDetails" time="80.533" errors="0" timestamp="25 Jun 2025 07:08:17 GMT" skipped="0">
  <testcase classname="com.scripts.desktopReception.customerProfile_ViewAuditDetails" name="viewAuditDetails" time="80.533"/>
</testsuite> <!-- com.scripts.desktopReception.customerProfile_ViewAuditDetails -->
