<?xml version="1.0" encoding="UTF-8"?>
<!-- Generated by org.testng.reporters.JUnitReportReporter -->
<testsuite skipped="0" hostname="L-INE-FPQCQG3" name="com.scripts.desktopReception.customerProfile_ViewGamingDetails" tests="1" failures="0" timestamp="29 Nov 2023 13:32:49 GMT" time="196.633" errors="0">
  <testcase name="viewGamingDetails" time="196.633" classname="com.scripts.desktopReception.customerProfile_ViewGamingDetails"/>
</testsuite> <!-- com.scripts.desktopReception.customerProfile_ViewGamingDetails -->
