<?xml version="1.0" encoding="UTF-8"?>
<!-- Generated by org.testng.reporters.JUnitReportReporter -->
<testsuite hostname="D90D3CQ1" name="com.scripts.EDD.TC14239_UsersShouldbeAbleTofilterEDDsOnComplete" tests="1" failures="0" timestamp="27 Jun 2018 11:12:07 GMT" time="117.145" errors="0">
  <testcase name="tc14231_filterEDDRecordsByComplete" time="117.145" classname="com.scripts.EDD.TC14239_UsersShouldbeAbleTofilterEDDsOnComplete"/>
</testsuite> <!-- com.scripts.EDD.TC14239_UsersShouldbeAbleTofilterEDDsOnComplete -->
