<?xml version="1.0" encoding="UTF-8"?>
<!-- Generated by org.testng.reporters.JUnitReportReporter -->
<testsuite hostname="L-INE-F7NSYZ2" failures="0" tests="1" name="com.scripts.EDD.TC14261_VerifyCustomerCanBeSetToSuspended_EDD" time="0.000" errors="1" timestamp="18 Jun 2025 08:09:49 GMT" skipped="0">
  <testcase classname="com.scripts.EDD.TC14261_VerifyCustomerCanBeSetToSuspended_EDD" name="tc14261_SetSuspendedEDDToCustomerProfile" time="0.000">
    <error message="
Method public void com.scripts.EDD.TC14261_VerifyCustomerCanBeSetToSuspended_EDD.tc14261_SetSuspendedEDDToCustomerProfile(java.lang.String,java.util.Hashtable) requires a @DataProvider named : TestDataProvider" type="org.testng.TestNGException">
      <![CDATA[org.testng.TestNGException: 
Method public void com.scripts.EDD.TC14261_VerifyCustomerCanBeSetToSuspended_EDD.tc14261_SetSuspendedEDDToCustomerProfile(java.lang.String,java.util.Hashtable) requires a @DataProvider named : TestDataProvider
	at org.testng.internal.Parameters.findDataProvider(Parameters.java:336)
	at org.testng.internal.Parameters.handleParameters(Parameters.java:498)
	at org.testng.internal.Invoker.handleParameters(Invoker.java:1308)
	at org.testng.internal.Invoker.createParameters(Invoker.java:1036)
	at org.testng.internal.Invoker.invokeTestMethods(Invoker.java:1126)
	at org.testng.internal.TestMethodWorker.invokeTestMethods(TestMethodWorker.java:126)
	at org.testng.internal.TestMethodWorker.run(TestMethodWorker.java:109)
	at org.testng.TestRunner.privateRun(TestRunner.java:744)
	at org.testng.TestRunner.run(TestRunner.java:602)
	at org.testng.SuiteRunner.runTest(SuiteRunner.java:380)
	at org.testng.SuiteRunner.runSequentially(SuiteRunner.java:375)
	at org.testng.SuiteRunner.privateRun(SuiteRunner.java:340)
	at org.testng.SuiteRunner.run(SuiteRunner.java:289)
	at org.testng.SuiteRunnerWorker.runSuite(SuiteRunnerWorker.java:52)
	at org.testng.SuiteRunnerWorker.run(SuiteRunnerWorker.java:86)
	at org.testng.TestNG.runSuitesSequentially(TestNG.java:1301)
	at org.testng.TestNG.runSuitesLocally(TestNG.java:1226)
	at org.testng.TestNG.runSuites(TestNG.java:1144)
	at org.testng.TestNG.run(TestNG.java:1115)
	at org.testng.remote.AbstractRemoteTestNG.run(AbstractRemoteTestNG.java:115)
	at org.testng.remote.RemoteTestNG.initAndRun(RemoteTestNG.java:293)
	at org.testng.remote.RemoteTestNG.main(RemoteTestNG.java:91)
]]>
    </error>
  </testcase> <!-- tc14261_SetSuspendedEDDToCustomerProfile -->
</testsuite> <!-- com.scripts.EDD.TC14261_VerifyCustomerCanBeSetToSuspended_EDD -->
