<?xml version="1.0" encoding="UTF-8"?>
<!-- Generated by org.testng.reporters.JUnitReportReporter -->
<testsuite skipped="0" hostname="L-INE-FPQCQG3" name="com.scripts.noen.CustomerProfileTC.Test6389_91_CustDBMatched" tests="1" failures="0" timestamp="29 Nov 2023 15:50:18 GMT" time="218.808" errors="0">
  <testcase name="tc6389_NormalRegistration" time="218.808" classname="com.scripts.noen.CustomerProfileTC.Test6389_91_CustDBMatched"/>
</testsuite> <!-- com.scripts.noen.CustomerProfileTC.Test6389_91_CustDBMatched -->
