<?xml version="1.0" encoding="UTF-8"?>
<!-- Generated by org.testng.reporters.JUnitReportReporter -->
<testsuite skipped="0" hostname="L-INE-FPQCQG3" name="com.scripts.desktopReception.foodAndBeverageIncome_Tranasction" tests="1" failures="0" timestamp="29 Nov 2023 10:03:57 GMT" time="102.103" errors="0">
  <testcase name="verifyfoodAndBeverageIncomeAccount" time="102.103" classname="com.scripts.desktopReception.foodAndBeverageIncome_Tranasction"/>
</testsuite> <!-- com.scripts.desktopReception.foodAndBeverageIncome_Tranasction -->
