<?xml version="1.0" encoding="UTF-8"?>
<!-- Generated by org.testng.reporters.JUnitReportReporter -->
<testsuite skipped="0" hostname="L-INE-FPQCQG3" name="com.scripts.noen.CustomerProfileTC.Test6426_CustProfileUnableToLiftSuspensionAnotherCasino" tests="1" failures="0" timestamp="29 Nov 2023 15:58:38 GMT" time="94.062" errors="0">
  <testcase name="verifyTest6426CustProfile_UnableToLiftSuspensionAnotherCasino" time="94.062" classname="com.scripts.noen.CustomerProfileTC.Test6426_CustProfileUnableToLiftSuspensionAnotherCasino"/>
</testsuite> <!-- com.scripts.noen.CustomerProfileTC.Test6426_CustProfileUnableToLiftSuspensionAnotherCasino -->
