<?xml version="1.0" encoding="UTF-8"?>
<!-- Generated by org.testng.reporters.JUnitReportReporter -->
<testsuite hostname="L-INE-F7NSYZ2" failures="0" tests="1" name="com.scripts.desktopReception.customerHistoricalAndEstimatedVisitEntry" time="74.237" errors="0" timestamp="20 Jun 2025 05:40:37 GMT" skipped="0">
  <testcase classname="com.scripts.desktopReception.customerHistoricalAndEstimatedVisitEntry" name="checkcustomerHistoricalAndEstimatedVisitEntry" time="74.237"/>
</testsuite> <!-- com.scripts.desktopReception.customerHistoricalAndEstimatedVisitEntry -->
