<?xml version="1.0" encoding="UTF-8"?>
<!-- Generated by org.testng.reporters.JUnitReportReporter -->
<testsuite hostname="L-INE-F7NSYZ2" failures="0" tests="1" name="com.scripts.EDD.TC14240_incidentCreatedAsSelfExclusion" time="206.129" errors="0" timestamp="20 Jun 2025 10:39:40 GMT" skipped="0">
  <testcase classname="com.scripts.EDD.TC14240_incidentCreatedAsSelfExclusion" name="tc14252_createIncidentAsSelfExclusion" time="206.129"/>
</testsuite> <!-- com.scripts.EDD.TC14240_incidentCreatedAsSelfExclusion -->
