<?xml version="1.0" encoding="UTF-8"?>
<!-- Generated by org.testng.reporters.JUnitReportReporter -->
<testsuite skipped="0" hostname="L-INE-FPQCQG3" name="com.scripts.desktopReception.errorOverUnderAccountTranscation" tests="1" failures="0" timestamp="29 Nov 2023 10:00:33 GMT" time="138.869" errors="0">
  <testcase name="addAmount_ErrorOverAndUnderAccount" time="138.869" classname="com.scripts.desktopReception.errorOverUnderAccountTranscation"/>
</testsuite> <!-- com.scripts.desktopReception.errorOverUnderAccountTranscation -->
