<?xml version="1.0" encoding="UTF-8"?>
<!-- Generated by org.testng.reporters.JUnitReportReporter -->
<testsuite skipped="0" hostname="L-INE-FPQCQG3" name="com.scripts.desktopReception.customerProfile_ViewSummaryDetails" tests="1" failures="0" timestamp="13 Oct 2023 13:04:51 GMT" time="98.690" errors="0">
  <testcase name="viewSummaryDetails" time="98.690" classname="com.scripts.desktopReception.customerProfile_ViewSummaryDetails"/>
</testsuite> <!-- com.scripts.desktopReception.customerProfile_ViewSummaryDetails -->
