<?xml version="1.0" encoding="UTF-8"?>
<!-- Generated by org.testng.reporters.JUnitReportReporter -->
<testsuite hostname="L-INE-F7NSYZ2" failures="0" tests="1" name="com.scripts.desktopReception.customerProfile_AddAssociates" time="85.458" errors="0" timestamp="20 Jun 2025 05:43:42 GMT" skipped="0">
  <testcase classname="com.scripts.desktopReception.customerProfile_AddAssociates" name="addAssociatesToCustomerProfile" time="85.458"/>
</testsuite> <!-- com.scripts.desktopReception.customerProfile_AddAssociates -->
