<?xml version="1.0" encoding="UTF-8"?>
<!-- Generated by org.testng.reporters.JUnitReportReporter -->
<testsuite skipped="0" hostname="L-INE-FPQCQG3" name="com.scripts.noen.Reports.Test6444_AttendanceDetailReport" tests="1" failures="0" timestamp="28 Nov 2023 15:48:04 GMT" time="130.634" errors="0">
  <testcase name="Test6444verifyAttendanceDetailReport" time="130.634" classname="com.scripts.noen.Reports.Test6444_AttendanceDetailReport"/>
</testsuite> <!-- com.scripts.noen.Reports.Test6444_AttendanceDetailReport -->
