<?xml version="1.0" encoding="UTF-8"?>
<!-- Generated by org.testng.reporters.JUnitReportReporter -->
<testsuite hostname="D90D3CQ1" name="com.scripts.EDD.TC14231_EnsureActualLossValueCanbeEnteredWhenCreatingManualEDDRecord" tests="1" failures="0" timestamp="25 Jun 2018 05:19:25 GMT" time="56.989" errors="0">
  <testcase name="tc14231_SetActualLossValueCanbeEnteredWhenCreatingManualEDDRecord" time="56.989" classname="com.scripts.EDD.TC14231_EnsureActualLossValueCanbeEnteredWhenCreatingManualEDDRecord"/>
</testsuite> <!-- com.scripts.EDD.TC14231_EnsureActualLossValueCanbeEnteredWhenCreatingManualEDDRecord -->
