<?xml version="1.0" encoding="UTF-8"?>
<!-- Generated by org.testng.reporters.JUnitReportReporter -->
<testsuite skipped="0" hostname="L-INE-FPQCQG3" name="com.scripts.desktopReception.bank" tests="1" failures="0" timestamp="29 Nov 2023 09:47:49 GMT" time="77.501" errors="0">
  <testcase name="VerifyBankingTab" time="77.501" classname="com.scripts.desktopReception.bank"/>
</testsuite> <!-- com.scripts.desktopReception.bank -->
