<?xml version="1.0" encoding="UTF-8"?>
<!-- Generated by org.testng.reporters.JUnitReportReporter -->
<testsuite hostname="L-INE-F7NSYZ2" failures="0" tests="1" name="com.scripts.desktopReception.customerProfile_ViewAdd_InterestsNPrefernces" time="133.431" errors="0" timestamp="25 Jun 2025 07:06:45 GMT" skipped="0">
  <testcase classname="com.scripts.desktopReception.customerProfile_ViewAdd_InterestsNPrefernces" name="verifyViewAddInterestsNPrefernces" time="133.431"/>
</testsuite> <!-- com.scripts.desktopReception.customerProfile_ViewAdd_InterestsNPrefernces -->
