<?xml version="1.0" encoding="UTF-8"?>
<!-- Generated by org.testng.reporters.JUnitReportReporter -->
<testsuite skipped="0" hostname="L-INE-FPQCQG3" name="com.scripts.noen.Reception.OpeningGamingDay.ExchangeTravellersCheque" tests="1" failures="0" timestamp="29 Nov 2023 08:24:23 GMT" time="225.906" errors="0">
  <testcase name="exchangeTravellersCheque" time="225.906" classname="com.scripts.noen.Reception.OpeningGamingDay.ExchangeTravellersCheque"/>
</testsuite> <!-- com.scripts.noen.Reception.OpeningGamingDay.ExchangeTravellersCheque -->
