<?xml version="1.0" encoding="UTF-8"?>
<!-- Generated by org.testng.reporters.JUnitReportReporter -->
<testsuite hostname="L-INE-F7NSYZ2" failures="0" tests="1" name="com.scripts.desktopReception.customerProfile_ViewCreditDetail" time="276.603" errors="0" timestamp="25 Jun 2025 07:14:25 GMT" skipped="0">
  <testcase classname="com.scripts.desktopReception.customerProfile_ViewCreditDetail" name="viewCreditDetails" time="276.603"/>
</testsuite> <!-- com.scripts.desktopReception.customerProfile_ViewCreditDetail -->
