<?xml version="1.0" encoding="UTF-8"?>
<!-- Generated by org.testng.reporters.JUnitReportReporter -->
<testsuite hostname="L-INE-F7NSYZ2" failures="0" tests="1" name="com.scripts.EDD.TC14235_UsersShouldbeAbleTofilterEDDsonManualTrigger" time="107.238" errors="0" timestamp="11 Jun 2025 06:45:59 GMT" skipped="0">
  <testcase classname="com.scripts.EDD.TC14235_UsersShouldbeAbleTofilterEDDsonManualTrigger" name="tc14231_filterEDDRecordsByComplete" time="107.238"/>
</testsuite> <!-- com.scripts.EDD.TC14235_UsersShouldbeAbleTofilterEDDsonManualTrigger -->
