<?xml version="1.0" encoding="UTF-8"?>
<!-- Generated by org.testng.reporters.JUnitReportReporter -->
<testsuite hostname="L-INE-F7NSYZ2" failures="0" tests="1" name="com.scripts.EDD.TC14252_VerifyCustomerCanBeSetToGroupwideBarred_Behaviour" time="160.320" errors="0" timestamp="18 Jun 2025 08:09:49 GMT" skipped="0">
  <testcase classname="com.scripts.EDD.TC14252_VerifyCustomerCanBeSetToGroupwideBarred_Behaviour" name="tc14252_SetGroupwideBarredBehaviourToCustomerProfile" time="160.320"/>
</testsuite> <!-- com.scripts.EDD.TC14252_VerifyCustomerCanBeSetToGroupwideBarred_Behaviour -->
