<?xml version="1.0" encoding="UTF-8"?>
<!-- Generated by org.testng.reporters.JUnitReportReporter -->
<testsuite skipped="0" hostname="L-INE-FPQCQG3" name="com.scripts.desktopReception.sundryIncomeExpenses_Transcation" tests="1" failures="0" timestamp="29 Nov 2023 10:11:40 GMT" time="101.405" errors="0">
  <testcase name="VerifysundryIncomeExpenses" time="101.405" classname="com.scripts.desktopReception.sundryIncomeExpenses_Transcation"/>
</testsuite> <!-- com.scripts.desktopReception.sundryIncomeExpenses_Transcation -->
