<?xml version="1.0" encoding="UTF-8"?>
<!-- Generated by org.testng.reporters.JUnitReportReporter -->
<testsuite hostname="L-INE-F7NSYZ2" failures="0" tests="1" name="com.scripts.desktopReception.customerProfile_AddEditViewBarredsuspension" time="78.566" errors="0" timestamp="20 Jun 2025 05:45:15 GMT" skipped="0">
  <testcase classname="com.scripts.desktopReception.customerProfile_AddEditViewBarredsuspension" name="addBarredSuspensionToCustomerProfile" time="78.566"/>
</testsuite> <!-- com.scripts.desktopReception.customerProfile_AddEditViewBarredsuspension -->
