<?xml version="1.0" encoding="UTF-8"?>
<!-- Generated by org.testng.reporters.JUnitReportReporter -->
<testsuite hostname="L-INE-F7NSYZ2" failures="0" tests="1" name="com.scripts.desktopReception.customerProfile_ViewSummaryDetails" time="92.777" errors="0" timestamp="25 Jun 2025 07:23:57 GMT" skipped="0">
  <testcase classname="com.scripts.desktopReception.customerProfile_ViewSummaryDetails" name="viewSummaryDetails" time="92.777"/>
</testsuite> <!-- com.scripts.desktopReception.customerProfile_ViewSummaryDetails -->
