<?xml version="1.0" encoding="UTF-8"?>
<!-- Generated by org.testng.reporters.JUnitReportReporter -->
<testsuite skipped="0" hostname="L-INE-FPQCQG3" name="com.scripts.noen.Reports.Test6449_CurrentSuspensionReport" tests="1" failures="0" timestamp="16 Nov 2023 07:01:16 GMT" time="200.363" errors="0">
  <testcase name="Test6449verifyCurrentSuspensionReport" time="200.363" classname="com.scripts.noen.Reports.Test6449_CurrentSuspensionReport"/>
</testsuite> <!-- com.scripts.noen.Reports.Test6449_CurrentSuspensionReport -->
