<?xml version="1.0" encoding="UTF-8"?>
<!-- Generated by org.testng.reporters.JUnitReportReporter -->
<testsuite hostname="L-INE-F7NSYZ2" failures="0" tests="1" name="com.scripts.desktopReception.customerProfile_ViewVisitsDetails" time="206.765" errors="0" timestamp="25 Jun 2025 07:27:37 GMT" skipped="0">
  <testcase classname="com.scripts.desktopReception.customerProfile_ViewVisitsDetails" name="viewVisitsDetails" time="206.765"/>
</testsuite> <!-- com.scripts.desktopReception.customerProfile_ViewVisitsDetails -->
