<?xml version="1.0" encoding="UTF-8"?>
<!-- Generated by org.testng.reporters.JUnitReportReporter -->
<testsuite hostname="L-INE-F7NSYZ2" failures="0" tests="1" name="com.scripts.desktopReception.CustomerDueDiligenceFilter" time="90.820" errors="0" timestamp="18 Jun 2025 09:34:58 GMT" skipped="0">
  <testcase classname="com.scripts.desktopReception.CustomerDueDiligenceFilter" name="Customer_ManageDueDiligenceFilter" time="90.820"/>
</testsuite> <!-- com.scripts.desktopReception.CustomerDueDiligenceFilter -->
