<?xml version="1.0" encoding="UTF-8"?>
<!-- Generated by org.testng.reporters.JUnitReportReporter -->
<testsuite skipped="0" hostname="L-INE-FPQCQG3" name="com.scripts.noen.CustomerProfileTC.Test6440_SettingPinNumber" tests="1" failures="0" timestamp="29 Nov 2023 16:15:59 GMT" time="115.509" errors="0">
  <testcase name="setPinNumber" time="115.509" classname="com.scripts.noen.CustomerProfileTC.Test6440_SettingPinNumber"/>
</testsuite> <!-- com.scripts.noen.CustomerProfileTC.Test6440_SettingPinNumber -->
