<?xml version="1.0" encoding="UTF-8"?>
<!-- Generated by org.testng.reporters.JUnitReportReporter -->
<testsuite skipped="0" hostname="L-INE-FPQCQG3" name="com.scripts.desktopReception.gratuitiesIncomeAccountTranscation" tests="1" failures="0" timestamp="29 Nov 2023 10:06:02 GMT" time="103.215" errors="0">
  <testcase name="verifygratuitiesIncomeAccoun" time="103.215" classname="com.scripts.desktopReception.gratuitiesIncomeAccountTranscation"/>
</testsuite> <!-- com.scripts.desktopReception.gratuitiesIncomeAccountTranscation -->
