<?xml version="1.0" encoding="UTF-8"?>
<!-- Generated by org.testng.reporters.JUnitReportReporter -->
<testsuite hostname="D90D3CQ1" name="com.scripts.noen.CashierAndManagerTC.Test6686_MachineCount02" tests="1" failures="0" timestamp="10 May 2018 07:20:13 GMT" time="120.881" errors="0">
  <testcase name="tc6686_AddNewMachineCount" time="120.881" classname="com.scripts.noen.CashierAndManagerTC.Test6686_MachineCount02"/>
</testsuite> <!-- com.scripts.noen.CashierAndManagerTC.Test6686_MachineCount02 -->
