<?xml version="1.0" encoding="UTF-8"?>
<!-- Generated by org.testng.reporters.JUnitReportReporter -->
<testsuite skipped="0" hostname="L-INE-FPQCQG3" name="com.scripts.noen.CustomerProfileTC.Test6396_PODEntries" tests="1" failures="0" timestamp="29 Nov 2023 15:52:00 GMT" time="81.962" errors="0">
  <testcase name="verifyTest6396_PODEntries" time="81.962" classname="com.scripts.noen.CustomerProfileTC.Test6396_PODEntries"/>
</testsuite> <!-- com.scripts.noen.CustomerProfileTC.Test6396_PODEntries -->
