<?xml version="1.0" encoding="UTF-8"?>
<!-- Generated by org.testng.reporters.JUnitReportReporter -->
<testsuite skipped="0" hostname="L-INE-FPQCQG3" name="com.scripts.noen.CashierAndManagerTC.PokerAccountONAndOFF" tests="1" failures="0" timestamp="29 Nov 2023 05:07:16 GMT" time="70.012" errors="0">
  <testcase name="PokerAccountONAndOFF" time="70.012" classname="com.scripts.noen.CashierAndManagerTC.PokerAccountONAndOFF"/>
</testsuite> <!-- com.scripts.noen.CashierAndManagerTC.PokerAccountONAndOFF -->
