<?xml version="1.0" encoding="UTF-8"?>
<!-- Generated by org.testng.reporters.JUnitReportReporter -->
<testsuite skipped="0" hostname="L-INE-FPQCQG3" name="com.scripts.noen.CashierAndManagerTC.Machines_ViewDetails" tests="1" failures="0" timestamp="24 Nov 2023 12:05:03 GMT" time="145.764" errors="0">
  <testcase name="checkAndVerifyMachinesViewDetails" time="145.764" classname="com.scripts.noen.CashierAndManagerTC.Machines_ViewDetails"/>
</testsuite> <!-- com.scripts.noen.CashierAndManagerTC.Machines_ViewDetails -->
