<?xml version="1.0" encoding="UTF-8"?>
<!-- Generated by org.testng.reporters.JUnitReportReporter -->
<testsuite hostname="L-INE-F7NSYZ2" failures="0" tests="1" name="com.scripts.desktopReception.customer_RegisterAndViewDetails" time="105.731" errors="0" timestamp="25 Jun 2025 07:04:01 GMT" skipped="0">
  <testcase classname="com.scripts.desktopReception.customer_RegisterAndViewDetails" name="RegisterAndViewCustomerDetails" time="105.731"/>
</testsuite> <!-- com.scripts.desktopReception.customer_RegisterAndViewDetails -->
