<?xml version="1.0" encoding="UTF-8"?>
<!-- Generated by org.testng.reporters.JUnitReportReporter -->
<testsuite hostname="L-INE-F7NSYZ2" failures="0" tests="1" name="com.scripts.desktopReception.customerProfile_AddSuspendedSuspension" time="111.946" errors="0" timestamp="20 Jun 2025 06:53:14 GMT" skipped="0">
  <testcase classname="com.scripts.desktopReception.customerProfile_AddSuspendedSuspension" name="tc6421_addEditLiftSuspendedSuspensionToCustomerProfile" time="111.946"/>
</testsuite> <!-- com.scripts.desktopReception.customerProfile_AddSuspendedSuspension -->
