<?xml version="1.0" encoding="UTF-8"?>
<!-- Generated by org.testng.reporters.JUnitReportReporter -->
<testsuite hostname="L-INE-F7NSYZ2" failures="0" tests="1" name="com.scripts.desktopReception.foodAndBeverageIncome_Tranasction" time="108.921" errors="0" timestamp="25 Jun 2025 08:35:51 GMT" skipped="0">
  <testcase classname="com.scripts.desktopReception.foodAndBeverageIncome_Tranasction" name="verifyfoodAndBeverageIncomeAccount" time="108.921"/>
</testsuite> <!-- com.scripts.desktopReception.foodAndBeverageIncome_Tranasction -->
