<?xml version="1.0" encoding="UTF-8"?>
<!-- Generated by org.testng.reporters.JUnitReportReporter -->
<testsuite hostname="L-INE-F7NSYZ2" failures="0" tests="1" name="com.scripts.desktopReception.issueNewCard_LostAndReplacementCard" time="261.942" errors="0" timestamp="25 Jun 2025 08:50:51 GMT" skipped="0">
  <testcase classname="com.scripts.desktopReception.issueNewCard_LostAndReplacementCard" name="issueNew_LostAndReplacementCardToCustomer" time="261.942"/>
</testsuite> <!-- com.scripts.desktopReception.issueNewCard_LostAndReplacementCard -->
