<?xml version="1.0" encoding="UTF-8"?>
<!-- Generated by org.testng.reporters.JUnitReportReporter -->
<testsuite hostname="D90D3CQ1" name="com.scripts.noen.CashierAndManagerTC.ReturnedCheque" tests="1" failures="0" timestamp="4 Dec 2017 11:00:01 GMT" time="85.727" errors="0">
  <testcase name="checkReturnedCheque" time="85.727" classname="com.scripts.noen.CashierAndManagerTC.ReturnedCheque"/>
</testsuite> <!-- com.scripts.noen.CashierAndManagerTC.ReturnedCheque -->
