<?xml version="1.0" encoding="UTF-8"?>
<!-- Generated by org.testng.reporters.JUnitReportReporter -->
<testsuite skipped="0" hostname="L-INE-FPQCQG3" name="com.scripts.desktopReception.viewCustomerCasino" tests="1" failures="0" timestamp="29 Nov 2023 14:33:27 GMT" time="301.807" errors="0">
  <testcase name="viewCustomerCasino" time="301.807" classname="com.scripts.desktopReception.viewCustomerCasino"/>
</testsuite> <!-- com.scripts.desktopReception.viewCustomerCasino -->
