<?xml version="1.0" encoding="UTF-8"?>
<!-- Generated by org.testng.reporters.JUnitReportReporter -->
<testsuite skipped="0" hostname="L-INE-FPQCQG3" name="com.scripts.desktopReception.customerProfile_Delete" tests="1" failures="0" timestamp="29 Nov 2023 13:42:31 GMT" time="80.736" errors="0">
  <testcase name="DeleteCustomerProfile" time="80.736" classname="com.scripts.desktopReception.customerProfile_Delete"/>
</testsuite> <!-- com.scripts.desktopReception.customerProfile_Delete -->
