<?xml version="1.0" encoding="UTF-8"?>
<!-- Generated by org.testng.reporters.JUnitReportReporter -->
<testsuite hostname="L-INE-F7NSYZ2" failures="0" tests="1" name="com.scripts.EDD.TC14242_incidentCreatedAsPositiveAssessments" time="141.988" errors="0" timestamp="12 Jun 2025 08:40:12 GMT" skipped="0">
  <testcase classname="com.scripts.EDD.TC14242_incidentCreatedAsPositiveAssessments" name="tc14256_createIncidentAsPositiveAssessments" time="141.988"/>
</testsuite> <!-- com.scripts.EDD.TC14242_incidentCreatedAsPositiveAssessments -->
