<?xml version="1.0" encoding="UTF-8"?>
<!-- Generated by org.testng.reporters.JUnitReportReporter -->
<testsuite skipped="0" hostname="L-INE-FPQCQG3" name="com.scripts.desktopReception.accountTransction" tests="1" failures="0" timestamp="16 Oct 2023 05:17:45 GMT" time="115.500" errors="0">
  <testcase name="verifyBadBeatJackpotBC" time="115.500" classname="com.scripts.desktopReception.accountTransction"/>
</testsuite> <!-- com.scripts.desktopReception.accountTransction -->
