<?xml version="1.0" encoding="UTF-8"?>
<!-- Generated by org.testng.reporters.JUnitReportReporter -->
<testsuite hostname="L-INE-F7NSYZ2" failures="0" tests="1" name="com.scripts.desktopReception.errorOverUnderAccountTranscation" time="111.230" errors="0" timestamp="25 Jun 2025 08:30:49 GMT" skipped="0">
  <testcase classname="com.scripts.desktopReception.errorOverUnderAccountTranscation" name="addAmount_ErrorOverAndUnderAccount" time="111.230"/>
</testsuite> <!-- com.scripts.desktopReception.errorOverUnderAccountTranscation -->
