<?xml version="1.0" encoding="UTF-8"?>
<!-- Generated by org.testng.reporters.JUnitReportReporter -->
<testsuite skipped="0" hostname="L-INE-FPQCQG3" name="com.scripts.desktopReception.customerProfile_ViewCreditDetail" tests="1" failures="0" timestamp="29 Nov 2023 14:04:51 GMT" time="72.926" errors="0">
  <testcase name="viewCreditDetails" time="72.926" classname="com.scripts.desktopReception.customerProfile_ViewCreditDetail"/>
</testsuite> <!-- com.scripts.desktopReception.customerProfile_ViewCreditDetail -->
