<?xml version="1.0" encoding="UTF-8"?>
<!-- Generated by org.testng.reporters.JUnitReportReporter -->
<testsuite hostname="L-INE-F7NSYZ2" failures="0" tests="1" name="com.scripts.EDD.TC14232_UsersShouldbeAbleTofilterEDDsonOpen" time="103.281" errors="0" timestamp="18 Jun 2025 08:09:49 GMT" skipped="0">
  <testcase classname="com.scripts.EDD.TC14232_UsersShouldbeAbleTofilterEDDsonOpen" name="tc14231_SetActualLossValueCanbeEnteredWhenCreatingManualEDDRecord" time="103.281"/>
</testsuite> <!-- com.scripts.EDD.TC14232_UsersShouldbeAbleTofilterEDDsonOpen -->
