<?xml version="1.0" encoding="UTF-8"?>
<!-- Generated by org.testng.reporters.JUnitReportReporter -->
<testsuite hostname="D90D3CQ1" name="com.scripts.EDD.incident" tests="1" failures="0" timestamp="25 Jun 2018 17:33:09 GMT" time="139.205" errors="0">
  <testcase name="tc14252_AddNextStepToEDDRecord" time="139.205" classname="com.scripts.EDD.incident"/>
</testsuite> <!-- com.scripts.EDD.incident -->
