<?xml version="1.0" encoding="UTF-8"?>
<!-- Generated by org.testng.reporters.JUnitReportReporter -->
<testsuite hostname="D90D3CQ1" name="com.scripts.EDD.TC14252_VerifyCustomerCanBeSetToGroupwideBarred_Behaviour" tests="1" failures="0" timestamp="20 Jun 2018 16:36:18 GMT" time="174.808" errors="0">
  <testcase name="tc14252_SetGroupwideBarredBehaviourToCustomerProfile" time="174.808" classname="com.scripts.EDD.TC14252_VerifyCustomerCanBeSetToGroupwideBarred_Behaviour"/>
</testsuite> <!-- com.scripts.EDD.TC14252_VerifyCustomerCanBeSetToGroupwideBarred_Behaviour -->
