<?xml version="1.0" encoding="UTF-8"?>
<!-- Generated by org.testng.reporters.JUnitReportReporter -->
<testsuite hostname="L-INE-F7NSYZ2" failures="0" tests="1" name="com.scripts.desktopReception.OpenCashDesk" time="61.560" errors="0" timestamp="25 Jun 2025 10:41:08 GMT" skipped="0">
  <testcase classname="com.scripts.desktopReception.OpenCashDesk" name="OpenCashDesk" time="61.560"/>
</testsuite> <!-- com.scripts.desktopReception.OpenCashDesk -->
