<?xml version="1.0" encoding="UTF-8"?>
<!-- Generated by org.testng.reporters.JUnitReportReporter -->
<testsuite hostname="L-INE-F7NSYZ2" failures="0" tests="1" name="com.scripts.EDD.TC14232_UsersShouldbeAbleTofilterEDDsonOpen" time="108.011" errors="0" timestamp="11 Jun 2025 06:23:57 GMT" skipped="0">
  <testcase classname="com.scripts.EDD.TC14232_UsersShouldbeAbleTofilterEDDsonOpen" name="tc14231_SetActualLossValueCanbeEnteredWhenCreatingManualEDDRecord" time="108.011"/>
</testsuite> <!-- com.scripts.EDD.TC14232_UsersShouldbeAbleTofilterEDDsonOpen -->
