<?xml version="1.0" encoding="UTF-8"?>
<!-- Generated by org.testng.reporters.JUnitReportReporter -->
<testsuite skipped="0" hostname="L-INE-FPQCQG3" name="com.scripts.desktopReception.CentralCharityDonationsReversal" tests="1" failures="0" timestamp="16 Nov 2023 10:56:19 GMT" time="98.931" errors="0">
  <testcase name="VerifyCentralCharityDonationsReversalTab" time="98.931" classname="com.scripts.desktopReception.CentralCharityDonationsReversal"/>
</testsuite> <!-- com.scripts.desktopReception.CentralCharityDonationsReversal -->
