<?xml version="1.0" encoding="UTF-8"?>
<!-- Generated by org.testng.reporters.JUnitReportReporter -->
<testsuite hostname="L-INE-F7NSYZ2" failures="0" tests="1" name="com.scripts.EDD.TC14243_incidentCreatedAsProblemGamblingConversation" time="129.826" errors="0" timestamp="18 Jun 2025 09:15:01 GMT" skipped="0">
  <testcase classname="com.scripts.EDD.TC14243_incidentCreatedAsProblemGamblingConversation" name="tc14254_createIncidentAsProblemGamblingConversation" time="129.826"/>
</testsuite> <!-- com.scripts.EDD.TC14243_incidentCreatedAsProblemGamblingConversation -->
