<?xml version="1.0" encoding="UTF-8"?>
<!-- Generated by org.testng.reporters.JUnitReportReporter -->
<testsuite hostname="L-INE-F7NSYZ2" failures="0" tests="1" name="com.scripts.EDD.TC14239_UsersShouldbeAbleTofilterEDDsOnComplete" time="108.019" errors="0" timestamp="11 Jun 2025 07:08:35 GMT" skipped="0">
  <testcase classname="com.scripts.EDD.TC14239_UsersShouldbeAbleTofilterEDDsOnComplete" name="tc14231_filterEDDRecordsByComplete" time="108.019"/>
</testsuite> <!-- com.scripts.EDD.TC14239_UsersShouldbeAbleTofilterEDDsOnComplete -->
