<?xml version="1.0" encoding="UTF-8"?>
<!-- Generated by org.testng.reporters.JUnitReportReporter -->
<testsuite hostname="D90D3CQ1" name="com.scripts.EDD.TC14242_incidentCreatedAsPositiveAssessments" tests="1" failures="0" timestamp="25 Jun 2018 18:33:57 GMT" time="139.076" errors="0">
  <testcase name="tc14252_createIncidentAsPositiveAssessments" time="139.076" classname="com.scripts.EDD.TC14242_incidentCreatedAsPositiveAssessments"/>
</testsuite> <!-- com.scripts.EDD.TC14242_incidentCreatedAsPositiveAssessments -->
