<?xml version="1.0" encoding="UTF-8"?>
<!-- Generated by org.testng.reporters.JUnitReportReporter -->
<testsuite hostname="L-INE-F7NSYZ2" failures="0" tests="2" name="com.scripts.desktopReception.depositOnOff" time="796.525" errors="0" timestamp="25 Jun 2025 08:26:43 GMT" skipped="0">
  <testcase classname="com.scripts.desktopReception.depositOnOff" name="verifyDepositOn" time="519.279"/>
  <testcase classname="com.scripts.desktopReception.depositOnOff" name="verifyDepositOff" time="277.246"/>
</testsuite> <!-- com.scripts.desktopReception.depositOnOff -->
