<?xml version="1.0" encoding="UTF-8"?>
<!-- Generated by org.testng.reporters.JUnitReportReporter -->
<testsuite hostname="L-INE-F7NSYZ2" failures="0" tests="1" name="com.scripts.EDD.TC14240_incidentCreatedAsSelfExclusion" time="143.742" errors="0" timestamp="11 Jun 2025 11:00:02 GMT" skipped="0">
  <testcase classname="com.scripts.EDD.TC14240_incidentCreatedAsSelfExclusion" name="tc14252_createIncidentAsSelfExclusion" time="143.742"/>
</testsuite> <!-- com.scripts.EDD.TC14240_incidentCreatedAsSelfExclusion -->
