<?xml version="1.0" encoding="UTF-8"?>
<!-- Generated by org.testng.reporters.JUnitReportReporter -->
<testsuite hostname="D90D3CQ1" name="com.scripts.EDD.TC14247_EnsureUserAlertedCorrectlyOnOpenEDDCustomersFirstVisitInSameCasinoOnSameDay" tests="1" failures="1" timestamp="26 Jun 2018 17:33:55 GMT" time="145.489" errors="0">
  <testcase name="tc14231_VerifyUserAlertedWhenCustomrWithEDDAwaitingApproval" time="145.489" classname="com.scripts.EDD.TC14247_EnsureUserAlertedCorrectlyOnOpenEDDCustomersFirstVisitInSameCasinoOnSameDay">
    <failure type="java.lang.AssertionError" message="expected [true] but found [false]">
      <![CDATA[java.lang.AssertionError: expected [true] but found [false]
	at org.testng.Assert.fail(Assert.java:94)
	at org.testng.Assert.failNotEquals(Assert.java:496)
	at org.testng.Assert.assertTrue(Assert.java:42)
	at org.testng.Assert.assertTrue(Assert.java:52)
	at com.generic.Utilities.addAssertTakeScreenShot(Utilities.java:383)
	at com.generic.Utilities.logReporter(Utilities.java:307)
	at com.pageFactory.desktopReception.CustomerEntry_UsingDOBName_PF.verifyEDDMessageDisplayWhileLogVisit(CustomerEntry_UsingDOBName_PF.java:91)
	at com.scripts.EDD.TC14247_EnsureUserAlertedCorrectlyOnOpenEDDCustomersFirstVisitInSameCasinoOnSameDay.tc14231_VerifyUserAlertedWhenCustomrWithEDDAwaitingApproval(TC14247_EnsureUserAlertedCorrectlyOnOpenEDDCustomersFirstVisitInSameCasinoOnSameDay.java:58)
	at sun.reflect.NativeMethodAccessorImpl.invoke0(Native Method)
	at sun.reflect.NativeMethodAccessorImpl.invoke(NativeMethodAccessorImpl.java:62)
	at sun.reflect.DelegatingMethodAccessorImpl.invoke(DelegatingMethodAccessorImpl.java:43)
	at java.lang.reflect.Method.invoke(Method.java:498)
	at org.testng.internal.MethodInvocationHelper.invokeMethod(MethodInvocationHelper.java:85)
	at org.testng.internal.Invoker.invokeMethod(Invoker.java:639)
	at org.testng.internal.Invoker.invokeTestMethod(Invoker.java:821)
	at org.testng.internal.Invoker.invokeTestMethods(Invoker.java:1131)
	at org.testng.internal.TestMethodWorker.invokeTestMethods(TestMethodWorker.java:124)
	at org.testng.internal.TestMethodWorker.run(TestMethodWorker.java:108)
	at org.testng.TestRunner.privateRun(TestRunner.java:773)
	at org.testng.TestRunner.run(TestRunner.java:623)
	at org.testng.SuiteRunner.runTest(SuiteRunner.java:357)
	at org.testng.SuiteRunner.runSequentially(SuiteRunner.java:352)
	at org.testng.SuiteRunner.privateRun(SuiteRunner.java:310)
	at org.testng.SuiteRunner.run(SuiteRunner.java:259)
	at org.testng.SuiteRunnerWorker.runSuite(SuiteRunnerWorker.java:52)
	at org.testng.SuiteRunnerWorker.run(SuiteRunnerWorker.java:86)
	at org.testng.TestNG.runSuitesSequentially(TestNG.java:1185)
	at org.testng.TestNG.runSuitesLocally(TestNG.java:1110)
	at org.testng.TestNG.run(TestNG.java:1018)
	at org.testng.remote.AbstractRemoteTestNG.run(AbstractRemoteTestNG.java:132)
	at org.testng.remote.RemoteTestNG.initAndRun(RemoteTestNG.java:236)
	at org.testng.remote.RemoteTestNG.main(RemoteTestNG.java:81)
]]>
    </failure>
  </testcase> <!-- tc14231_VerifyUserAlertedWhenCustomrWithEDDAwaitingApproval -->
</testsuite> <!-- com.scripts.EDD.TC14247_EnsureUserAlertedCorrectlyOnOpenEDDCustomersFirstVisitInSameCasinoOnSameDay -->
