<?xml version="1.0" encoding="UTF-8"?>
<!-- Generated by org.testng.reporters.JUnitReportReporter -->
<testsuite skipped="0" hostname="L-INE-FPQCQG3" name="com.scripts.desktopReception.setupCreditDebit_Transcation" tests="1" failures="0" timestamp="29 Nov 2023 10:09:30 GMT" time="101.356" errors="0">
  <testcase name="verifySetupCreaditDebit" time="101.356" classname="com.scripts.desktopReception.setupCreditDebit_Transcation"/>
</testsuite> <!-- com.scripts.desktopReception.setupCreditDebit_Transcation -->
