<?xml version="1.0" encoding="UTF-8"?>
<!-- Generated by org.testng.reporters.JUnitReportReporter -->
<testsuite hostname="L-INE-F7NSYZ2" failures="0" tests="1" name="com.scripts.EDD.TC14246_EnsureUserCanAddNextStepToEDDRecord" time="101.235" errors="0" timestamp="20 Jun 2025 09:08:28 GMT" skipped="0">
  <testcase classname="com.scripts.EDD.TC14246_EnsureUserCanAddNextStepToEDDRecord" name="tc14231_AddNextStepToEDDRecord" time="101.235"/>
</testsuite> <!-- com.scripts.EDD.TC14246_EnsureUserCanAddNextStepToEDDRecord -->
