<?xml version="1.0" encoding="UTF-8"?>
<!-- Generated by org.testng.reporters.JUnitReportReporter -->
<testsuite hostname="L-INE-F7NSYZ2" failures="0" tests="1" name="com.scripts.EDD.TC14239_UsersShouldbeAbleTofilterEDDsOnComplete" time="105.519" errors="0" timestamp="20 Jun 2025 10:43:35 GMT" skipped="0">
  <testcase classname="com.scripts.EDD.TC14239_UsersShouldbeAbleTofilterEDDsOnComplete" name="tc14231_filterEDDRecordsByComplete" time="105.519"/>
</testsuite> <!-- com.scripts.EDD.TC14239_UsersShouldbeAbleTofilterEDDsOnComplete -->
