<?xml version="1.0" encoding="UTF-8"?>
<!-- Generated by org.testng.reporters.JUnitReportReporter -->
<testsuite hostname="D90D3CQ1" name="com.scripts.noen.CashierAndManagerTC.CashDesk_ChequeRelated" tests="1" failures="0" timestamp="15 Mar 2018 06:31:15 GMT" time="564.514" errors="0">
  <testcase name="CashDesk_PayWinnerChequeIssueNReplacementCheque" time="564.514" classname="com.scripts.noen.CashierAndManagerTC.CashDesk_ChequeRelated"/>
</testsuite> <!-- com.scripts.noen.CashierAndManagerTC.CashDesk_ChequeRelated -->
