<?xml version="1.0" encoding="UTF-8"?>
<!-- Generated by org.testng.reporters.JUnitReportReporter -->
<testsuite hostname="L-INE-F7NSYZ2" failures="0" tests="1" name="com.scripts.desktopReception.interimTableCount" time="81.221" errors="0" timestamp="25 Jun 2025 08:44:28 GMT" skipped="0">
  <testcase classname="com.scripts.desktopReception.interimTableCount" name="addinterimTableCount" time="81.221"/>
</testsuite> <!-- com.scripts.desktopReception.interimTableCount -->
