<?xml version="1.0" encoding="UTF-8"?>
<!-- Generated by org.testng.reporters.JUnitReportReporter -->
<testsuite hostname="D90D3CQ1" name="com.scripts.EDD.TC14244_incidentCreatedAsProblemGamblingReinstatementRequest" tests="1" failures="0" timestamp="26 Jun 2018 08:05:49 GMT" time="162.652" errors="0">
  <testcase name="tc14253_createIncidentAsProblemGamblingConversation" time="162.652" classname="com.scripts.EDD.TC14244_incidentCreatedAsProblemGamblingReinstatementRequest"/>
</testsuite> <!-- com.scripts.EDD.TC14244_incidentCreatedAsProblemGamblingReinstatementRequest -->
