<?xml version="1.0" encoding="UTF-8"?>
<!-- Generated by org.testng.reporters.JUnitReportReporter -->
<testsuite hostname="D90D3CQ1" name="com.scripts.EDD.TC14234_UsersShouldbeAbleTofilterEDDsOnAwaitingApproval" tests="1" failures="0" timestamp="27 Jun 2018 08:55:00 GMT" time="57.138" errors="0">
  <testcase name="tc14231_SetActualLossValueCanbeEnteredWhenCreatingManualEDDRecord" time="57.138" classname="com.scripts.EDD.TC14234_UsersShouldbeAbleTofilterEDDsOnAwaitingApproval"/>
</testsuite> <!-- com.scripts.EDD.TC14234_UsersShouldbeAbleTofilterEDDsOnAwaitingApproval -->
