<?xml version="1.0" encoding="UTF-8"?>
<!-- Generated by org.testng.reporters.JUnitReportReporter -->
<testsuite hostname="D90D3CQ1" name="com.scripts.EDD.TC14240_incidentCreatedAsSelfExclusion" tests="1" failures="0" timestamp="25 Jun 2018 18:08:59 GMT" time="128.828" errors="0">
  <testcase name="tc14252_createIncidentAsSelfExclusion" time="128.828" classname="com.scripts.EDD.TC14240_incidentCreatedAsSelfExclusion"/>
</testsuite> <!-- com.scripts.EDD.TC14240_incidentCreatedAsSelfExclusion -->
