<?xml version="1.0" encoding="UTF-8"?>
<!-- Generated by org.testng.reporters.JUnitReportReporter -->
<testsuite skipped="0" hostname="L-INE-FPQCQG3" name="com.scripts.noen.CashierAndManagerTC.ViewAndVoidTransactions" tests="1" failures="0" timestamp="29 Nov 2023 04:40:33 GMT" time="65.366" errors="0">
  <testcase name="verifyBalancePageDetails" time="65.366" classname="com.scripts.noen.CashierAndManagerTC.ViewAndVoidTransactions"/>
</testsuite> <!-- com.scripts.noen.CashierAndManagerTC.ViewAndVoidTransactions -->
