<?xml version="1.0" encoding="UTF-8"?>
<!-- Generated by org.testng.reporters.JUnitReportReporter -->
<testsuite hostname="DFWQB9R2" name="com.scripts.desktopReception.customerProfile_Delete" tests="1" failures="0" timestamp="9 Apr 2019 17:04:25 GMT" time="62.560" errors="0">
  <testcase name="DeleteCustomerProfile" time="62.560" classname="com.scripts.desktopReception.customerProfile_Delete"/>
</testsuite> <!-- com.scripts.desktopReception.customerProfile_Delete -->
