<?xml version="1.0" encoding="UTF-8"?>
<!-- Generated by org.testng.reporters.JUnitReportReporter -->
<testsuite hostname="DFWQB9R2" name="com.scripts.noen.CustomerProfileTC.TC6412_CustomerProfileAddNotes" tests="1" failures="0" timestamp="9 Apr 2019 17:04:25 GMT" time="95.007" errors="0">
  <testcase name="tc6388_AddNotesOnCustomerProfile" time="95.007" classname="com.scripts.noen.CustomerProfileTC.TC6412_CustomerProfileAddNotes"/>
</testsuite> <!-- com.scripts.noen.CustomerProfileTC.TC6412_CustomerProfileAddNotes -->
