<?xml version="1.0" encoding="UTF-8"?>
<!-- Generated by org.testng.reporters.JUnitReportReporter -->
<testsuite hostname="DFWQB9R2" name="com.scripts.desktopReception.customerProfile_ViewAuditDetails" tests="1" failures="0" timestamp="9 Apr 2019 17:04:25 GMT" time="90.017" errors="0">
  <testcase name="viewAuditDetails" time="90.017" classname="com.scripts.desktopReception.customerProfile_ViewAuditDetails"/>
</testsuite> <!-- com.scripts.desktopReception.customerProfile_ViewAuditDetails -->
