<?xml version="1.0" encoding="UTF-8"?>
<!-- Generated by org.testng.reporters.JUnitReportReporter -->
<testsuite hostname="DFWQB9R2" name="com.scripts.desktopReception.customerProfile_ViewAdd_InterestsNPrefernces" tests="1" failures="0" timestamp="9 Apr 2019 17:04:25 GMT" time="111.610" errors="0">
  <testcase name="verifyViewAddInterestsNPrefernces" time="111.610" classname="com.scripts.desktopReception.customerProfile_ViewAdd_InterestsNPrefernces"/>
</testsuite> <!-- com.scripts.desktopReception.customerProfile_ViewAdd_InterestsNPrefernces -->
