<?xml version="1.0" encoding="UTF-8"?>
<!-- Generated by org.testng.reporters.JUnitReportReporter -->
<testsuite hostname="DFWQB9R2" name="com.scripts.noen.CustomerProfileTC.TC6413_14_CustomerProfileViewAndRemoveNotes" tests="1" failures="0" timestamp="9 Apr 2019 17:04:25 GMT" time="103.691" errors="0">
  <testcase name="tc6413_editRemoveNoteOnCustomerProfile" time="103.691" classname="com.scripts.noen.CustomerProfileTC.TC6413_14_CustomerProfileViewAndRemoveNotes"/>
</testsuite> <!-- com.scripts.noen.CustomerProfileTC.TC6413_14_CustomerProfileViewAndRemoveNotes -->
