<?xml version="1.0" encoding="UTF-8"?>
<!-- Generated by org.testng.reporters.JUnitReportReporter -->
<testsuite hostname="DFWQB9R2" name="com.scripts.noen.ForeignCurrency.CashDesk_ForeignCurrencyRelated" tests="1" failures="0" timestamp="9 Apr 2019 17:04:25 GMT" time="243.809" errors="0">
  <testcase name="exchangeAndRedeemForegienCurrency" time="243.809" classname="com.scripts.noen.ForeignCurrency.CashDesk_ForeignCurrencyRelated"/>
</testsuite> <!-- com.scripts.noen.ForeignCurrency.CashDesk_ForeignCurrencyRelated -->
