<?xml version="1.0" encoding="UTF-8"?>
<!-- Generated by org.testng.reporters.JUnitReportReporter -->
<testsuite hostname="DFWQB9R2" name="com.scripts.desktopReception.customerProfile_ViewExpensesDetails" tests="1" failures="0" timestamp="9 Apr 2019 17:04:25 GMT" time="166.661" errors="0">
  <testcase name="viewExpensesDetails" time="166.661" classname="com.scripts.desktopReception.customerProfile_ViewExpensesDetails"/>
</testsuite> <!-- com.scripts.desktopReception.customerProfile_ViewExpensesDetails -->
