<?xml version="1.0" encoding="UTF-8"?>
<!-- Generated by org.testng.reporters.JUnitReportReporter -->
<testsuite hostname="DFWQB9R2" name="com.scripts.noen.CashierAndManagerTC.CashDesk_ChequeRelated" tests="1" failures="0" timestamp="9 Apr 2019 17:04:25 GMT" time="624.112" errors="0">
  <testcase name="CashDesk_PayWinnerChequeIssueNReplacementCheque" time="624.112" classname="com.scripts.noen.CashierAndManagerTC.CashDesk_ChequeRelated"/>
</testsuite> <!-- com.scripts.noen.CashierAndManagerTC.CashDesk_ChequeRelated -->
