<?xml version="1.0" encoding="UTF-8"?>
<!-- Generated by org.testng.reporters.JUnitReportReporter -->
<testsuite hostname="DFWQB9R2" name="com.scripts.noen.CustomerProfileTC.CustomerProfile_ProfileIdentifications" tests="1" failures="0" timestamp="9 Apr 2019 17:04:25 GMT" time="232.945" errors="0">
  <testcase name="checkCustomerProfileIdentifications" time="232.945" classname="com.scripts.noen.CustomerProfileTC.CustomerProfile_ProfileIdentifications"/>
</testsuite> <!-- com.scripts.noen.CustomerProfileTC.CustomerProfile_ProfileIdentifications -->
